2021-07-17 07:20:43,748 [Worker-3: Loading available Gradle versions] INFO  o.e.b.c.i.u.g.PublishedGradleVersions - Gradle version information cache is up-to-date. Trying to read.
2021-07-17 07:23:37,726 [Worker-1: Creating project "autopracticesite"] INFO  o.e.m.c.i.l.LifecycleMappingFactory - Using org.eclipse.m2e.jdt.JarLifecycleMapping lifecycle mapping for MavenProject: Automationpractice:autopracticesite:0.0.1-SNAPSHOT @ D:\AB\WPforAPsite\autopracticesite\pom.xml.
2021-07-17 07:23:38,313 [Worker-1: Creating project "autopracticesite"] INFO  o.e.m.j.i.AbstractJavaProjectConfigurator - Adding source folder /autopracticesite/src/main/java
2021-07-17 07:23:38,315 [Worker-1: Creating project "autopracticesite"] INFO  o.e.m.j.i.AbstractJavaProjectConfigurator - Adding resource folder /autopracticesite/src/main/resources
2021-07-17 07:23:38,317 [Worker-1: Creating project "autopracticesite"] INFO  o.e.m.j.i.AbstractJavaProjectConfigurator - Adding source folder /autopracticesite/src/test/java
2021-07-17 07:23:38,318 [Worker-1: Creating project "autopracticesite"] INFO  o.e.m.j.i.AbstractJavaProjectConfigurator - Adding resource folder /autopracticesite/src/test/resources
2021-07-17 07:23:40,019 [Worker-3: Building] WARN  o.e.m.c.i.embedder.EclipseLogger - Using platform encoding (Cp1252 actually) to copy filtered resources, i.e. build is platform dependent!
2021-07-17 07:23:40,026 [Worker-3: Building] INFO  o.e.m.c.i.embedder.EclipseLogger - Copying 0 resource
2021-07-17 07:23:40,029 [Worker-3: Building] WARN  o.e.m.c.i.embedder.EclipseLogger - Using platform encoding (Cp1252 actually) to copy filtered resources, i.e. build is platform dependent!
2021-07-17 07:23:40,031 [Worker-3: Building] INFO  o.e.m.c.i.embedder.EclipseLogger - Copying 0 resource
2021-07-17 07:25:13,741 [Worker-5: Building] WARN  o.e.m.c.i.embedder.EclipseLogger - Using platform encoding (Cp1252 actually) to copy filtered resources, i.e. build is platform dependent!
2021-07-17 07:25:13,744 [Worker-5: Building] INFO  o.e.m.c.i.embedder.EclipseLogger - Copying 0 resource
2021-07-17 07:25:13,747 [Worker-5: Building] WARN  o.e.m.c.i.embedder.EclipseLogger - Using platform encoding (Cp1252 actually) to copy filtered resources, i.e. build is platform dependent!
2021-07-17 07:25:13,751 [Worker-5: Building] INFO  o.e.m.c.i.embedder.EclipseLogger - Copying 0 resource
2021-07-17 07:25:37,147 [Worker-9: Building] WARN  o.e.m.c.i.embedder.EclipseLogger - Using platform encoding (Cp1252 actually) to copy filtered resources, i.e. build is platform dependent!
2021-07-17 07:25:37,148 [Worker-9: Building] INFO  o.e.m.c.i.embedder.EclipseLogger - Copying 0 resource
2021-07-17 07:25:37,151 [Worker-9: Building] WARN  o.e.m.c.i.embedder.EclipseLogger - Using platform encoding (Cp1252 actually) to copy filtered resources, i.e. build is platform dependent!
2021-07-17 07:25:37,153 [Worker-9: Building] INFO  o.e.m.c.i.embedder.EclipseLogger - Copying 0 resource
2021-07-17 07:25:57,147 [Worker-5: Building] WARN  o.e.m.c.i.embedder.EclipseLogger - Using platform encoding (Cp1252 actually) to copy filtered resources, i.e. build is platform dependent!
2021-07-17 07:25:57,148 [Worker-5: Building] INFO  o.e.m.c.i.embedder.EclipseLogger - Copying 0 resource
2021-07-17 07:25:57,151 [Worker-5: Building] WARN  o.e.m.c.i.embedder.EclipseLogger - Using platform encoding (Cp1252 actually) to copy filtered resources, i.e. build is platform dependent!
2021-07-17 07:25:57,155 [Worker-5: Building] INFO  o.e.m.c.i.embedder.EclipseLogger - Copying 0 resource
2021-07-17 07:25:58,191 [Worker-5: Building] WARN  o.e.m.c.i.embedder.EclipseLogger - Using platform encoding (Cp1252 actually) to copy filtered resources, i.e. build is platform dependent!
2021-07-17 07:25:58,192 [Worker-5: Building] INFO  o.e.m.c.i.embedder.EclipseLogger - Copying 0 resource
2021-07-17 07:25:58,194 [Worker-5: Building] WARN  o.e.m.c.i.embedder.EclipseLogger - Using platform encoding (Cp1252 actually) to copy filtered resources, i.e. build is platform dependent!
2021-07-17 07:25:58,196 [Worker-5: Building] INFO  o.e.m.c.i.embedder.EclipseLogger - Copying 0 resource
2021-07-17 07:26:21,244 [Worker-0: Building] WARN  o.e.m.c.i.embedder.EclipseLogger - Using platform encoding (Cp1252 actually) to copy filtered resources, i.e. build is platform dependent!
2021-07-17 07:26:21,248 [Worker-0: Building] INFO  o.e.m.c.i.embedder.EclipseLogger - Copying 0 resource
2021-07-17 07:26:21,251 [Worker-0: Building] WARN  o.e.m.c.i.embedder.EclipseLogger - Using platform encoding (Cp1252 actually) to copy filtered resources, i.e. build is platform dependent!
2021-07-17 07:26:21,252 [Worker-0: Building] INFO  o.e.m.c.i.embedder.EclipseLogger - Copying 0 resource
2021-07-17 07:31:21,883 [Worker-1: Launching TestFunction] WARN  o.e.m.c.i.embedder.EclipseLogger - Using platform encoding (Cp1252 actually) to copy filtered resources, i.e. build is platform dependent!
2021-07-17 07:31:21,888 [Worker-1: Launching TestFunction] INFO  o.e.m.c.i.embedder.EclipseLogger - Copying 0 resource
2021-07-17 07:31:21,892 [Worker-1: Launching TestFunction] WARN  o.e.m.c.i.embedder.EclipseLogger - Using platform encoding (Cp1252 actually) to copy filtered resources, i.e. build is platform dependent!
2021-07-17 07:31:21,894 [Worker-1: Launching TestFunction] INFO  o.e.m.c.i.embedder.EclipseLogger - Copying 0 resource
2021-07-17 07:32:48,421 [Worker-4: Building] INFO  o.e.m.c.i.l.LifecycleMappingFactory - Using org.eclipse.m2e.jdt.JarLifecycleMapping lifecycle mapping for MavenProject: Automationpractice:autopracticesite:0.0.1-SNAPSHOT @ D:\AB\WPforAPsite\autopracticesite\pom.xml.
2021-07-17 07:32:50,852 [Worker-4: Building] WARN  o.e.m.c.i.embedder.EclipseLogger - Using platform encoding (Cp1252 actually) to copy filtered resources, i.e. build is platform dependent!
2021-07-17 07:32:50,854 [Worker-4: Building] INFO  o.e.m.c.i.embedder.EclipseLogger - Copying 0 resource
2021-07-17 07:32:50,858 [Worker-4: Building] WARN  o.e.m.c.i.embedder.EclipseLogger - Using platform encoding (Cp1252 actually) to copy filtered resources, i.e. build is platform dependent!
2021-07-17 07:32:50,859 [Worker-4: Building] INFO  o.e.m.c.i.embedder.EclipseLogger - Copying 0 resource
2021-07-17 07:32:53,841 [Worker-6: Building] WARN  o.e.m.c.i.embedder.EclipseLogger - Using platform encoding (Cp1252 actually) to copy filtered resources, i.e. build is platform dependent!
2021-07-17 07:32:53,842 [Worker-6: Building] INFO  o.e.m.c.i.embedder.EclipseLogger - Copying 0 resource
2021-07-17 07:32:53,844 [Worker-6: Building] WARN  o.e.m.c.i.embedder.EclipseLogger - Using platform encoding (Cp1252 actually) to copy filtered resources, i.e. build is platform dependent!
2021-07-17 07:32:53,846 [Worker-6: Building] INFO  o.e.m.c.i.embedder.EclipseLogger - Copying 0 resource
2021-07-17 07:33:20,791 [Worker-4: Launching TestFunction] WARN  o.e.m.c.i.embedder.EclipseLogger - Using platform encoding (Cp1252 actually) to copy filtered resources, i.e. build is platform dependent!
2021-07-17 07:33:20,793 [Worker-4: Launching TestFunction] INFO  o.e.m.c.i.embedder.EclipseLogger - Copying 0 resource
2021-07-17 07:33:20,795 [Worker-4: Launching TestFunction] WARN  o.e.m.c.i.embedder.EclipseLogger - Using platform encoding (Cp1252 actually) to copy filtered resources, i.e. build is platform dependent!
2021-07-17 07:33:20,797 [Worker-4: Launching TestFunction] INFO  o.e.m.c.i.embedder.EclipseLogger - Copying 0 resource
2021-07-17 07:47:22,106 [Worker-4: Building] WARN  o.e.m.c.i.embedder.EclipseLogger - Using platform encoding (Cp1252 actually) to copy filtered resources, i.e. build is platform dependent!
2021-07-17 07:47:22,140 [Worker-4: Building] INFO  o.e.m.c.i.embedder.EclipseLogger - Copying 0 resource
2021-07-17 07:47:22,142 [Worker-4: Building] WARN  o.e.m.c.i.embedder.EclipseLogger - Using platform encoding (Cp1252 actually) to copy filtered resources, i.e. build is platform dependent!
2021-07-17 07:47:22,144 [Worker-4: Building] INFO  o.e.m.c.i.embedder.EclipseLogger - Copying 0 resource
2021-07-17 07:50:40,690 [Worker-9: Building] WARN  o.e.m.c.i.embedder.EclipseLogger - Using platform encoding (Cp1252 actually) to copy filtered resources, i.e. build is platform dependent!
2021-07-17 07:50:40,692 [Worker-9: Building] INFO  o.e.m.c.i.embedder.EclipseLogger - Copying 0 resource
2021-07-17 07:50:40,694 [Worker-9: Building] WARN  o.e.m.c.i.embedder.EclipseLogger - Using platform encoding (Cp1252 actually) to copy filtered resources, i.e. build is platform dependent!
2021-07-17 07:50:40,696 [Worker-9: Building] INFO  o.e.m.c.i.embedder.EclipseLogger - Copying 0 resource
2021-07-17 07:52:40,385 [Worker-1: Launching TestFunction] WARN  o.e.m.c.i.embedder.EclipseLogger - Using platform encoding (Cp1252 actually) to copy filtered resources, i.e. build is platform dependent!
2021-07-17 07:52:40,386 [Worker-1: Launching TestFunction] INFO  o.e.m.c.i.embedder.EclipseLogger - Copying 0 resource
2021-07-17 07:52:40,388 [Worker-1: Launching TestFunction] WARN  o.e.m.c.i.embedder.EclipseLogger - Using platform encoding (Cp1252 actually) to copy filtered resources, i.e. build is platform dependent!
2021-07-17 07:52:40,390 [Worker-1: Launching TestFunction] INFO  o.e.m.c.i.embedder.EclipseLogger - Copying 0 resource
2021-07-17 07:53:29,841 [Worker-3: Launching TestFunction] WARN  o.e.m.c.i.embedder.EclipseLogger - Using platform encoding (Cp1252 actually) to copy filtered resources, i.e. build is platform dependent!
2021-07-17 07:53:29,842 [Worker-3: Launching TestFunction] INFO  o.e.m.c.i.embedder.EclipseLogger - Copying 0 resource
2021-07-17 07:53:29,845 [Worker-3: Launching TestFunction] WARN  o.e.m.c.i.embedder.EclipseLogger - Using platform encoding (Cp1252 actually) to copy filtered resources, i.e. build is platform dependent!
2021-07-17 07:53:29,846 [Worker-3: Launching TestFunction] INFO  o.e.m.c.i.embedder.EclipseLogger - Copying 0 resource
2021-07-17 07:55:14,424 [Worker-9: Launching TestFunction] WARN  o.e.m.c.i.embedder.EclipseLogger - Using platform encoding (Cp1252 actually) to copy filtered resources, i.e. build is platform dependent!
2021-07-17 07:55:14,426 [Worker-9: Launching TestFunction] INFO  o.e.m.c.i.embedder.EclipseLogger - Copying 0 resource
2021-07-17 07:55:14,428 [Worker-9: Launching TestFunction] WARN  o.e.m.c.i.embedder.EclipseLogger - Using platform encoding (Cp1252 actually) to copy filtered resources, i.e. build is platform dependent!
2021-07-17 07:55:14,431 [Worker-9: Launching TestFunction] INFO  o.e.m.c.i.embedder.EclipseLogger - Copying 0 resource
2021-07-17 08:04:09,698 [Worker-13: Building] WARN  o.e.m.c.i.embedder.EclipseLogger - Using platform encoding (Cp1252 actually) to copy filtered resources, i.e. build is platform dependent!
2021-07-17 08:04:09,797 [Worker-13: Building] INFO  o.e.m.c.i.embedder.EclipseLogger - Copying 0 resource
2021-07-17 08:04:09,801 [Worker-13: Building] WARN  o.e.m.c.i.embedder.EclipseLogger - Using platform encoding (Cp1252 actually) to copy filtered resources, i.e. build is platform dependent!
2021-07-17 08:04:09,803 [Worker-13: Building] INFO  o.e.m.c.i.embedder.EclipseLogger - Copying 0 resource
2021-07-17 08:05:34,941 [Worker-14: Building] WARN  o.e.m.c.i.embedder.EclipseLogger - Using platform encoding (Cp1252 actually) to copy filtered resources, i.e. build is platform dependent!
2021-07-17 08:05:34,942 [Worker-14: Building] INFO  o.e.m.c.i.embedder.EclipseLogger - Copying 0 resource
2021-07-17 08:05:34,943 [Worker-14: Building] WARN  o.e.m.c.i.embedder.EclipseLogger - Using platform encoding (Cp1252 actually) to copy filtered resources, i.e. build is platform dependent!
2021-07-17 08:05:34,944 [Worker-14: Building] INFO  o.e.m.c.i.embedder.EclipseLogger - Copying 0 resource
2021-07-17 08:06:15,810 [Worker-9: Building] WARN  o.e.m.c.i.embedder.EclipseLogger - Using platform encoding (Cp1252 actually) to copy filtered resources, i.e. build is platform dependent!
2021-07-17 08:06:15,811 [Worker-9: Building] INFO  o.e.m.c.i.embedder.EclipseLogger - Copying 0 resource
2021-07-17 08:06:15,813 [Worker-9: Building] WARN  o.e.m.c.i.embedder.EclipseLogger - Using platform encoding (Cp1252 actually) to copy filtered resources, i.e. build is platform dependent!
2021-07-17 08:06:15,815 [Worker-9: Building] INFO  o.e.m.c.i.embedder.EclipseLogger - Copying 0 resource
2021-07-17 08:14:04,257 [Worker-13: Building] INFO  o.e.m.c.i.l.LifecycleMappingFactory - Using org.eclipse.m2e.jdt.JarLifecycleMapping lifecycle mapping for MavenProject: Automationpractice:autopracticesite:0.0.1-SNAPSHOT @ D:\AB\WPforAPsite\autopracticesite\pom.xml.
2021-07-17 08:14:06,961 [Worker-13: Building] WARN  o.e.m.c.i.embedder.EclipseLogger - Using platform encoding (Cp1252 actually) to copy filtered resources, i.e. build is platform dependent!
2021-07-17 08:14:06,963 [Worker-13: Building] INFO  o.e.m.c.i.embedder.EclipseLogger - Copying 0 resource
2021-07-17 08:14:06,965 [Worker-13: Building] WARN  o.e.m.c.i.embedder.EclipseLogger - Using platform encoding (Cp1252 actually) to copy filtered resources, i.e. build is platform dependent!
2021-07-17 08:14:06,966 [Worker-13: Building] INFO  o.e.m.c.i.embedder.EclipseLogger - Copying 0 resource
2021-07-17 08:14:09,396 [Worker-14: Building] WARN  o.e.m.c.i.embedder.EclipseLogger - Using platform encoding (Cp1252 actually) to copy filtered resources, i.e. build is platform dependent!
2021-07-17 08:14:09,398 [Worker-14: Building] INFO  o.e.m.c.i.embedder.EclipseLogger - Copying 0 resource
2021-07-17 08:14:09,399 [Worker-14: Building] WARN  o.e.m.c.i.embedder.EclipseLogger - Using platform encoding (Cp1252 actually) to copy filtered resources, i.e. build is platform dependent!
2021-07-17 08:14:09,401 [Worker-14: Building] INFO  o.e.m.c.i.embedder.EclipseLogger - Copying 0 resource
2021-07-17 08:15:34,365 [Worker-6: Launching TestFunction] WARN  o.e.m.c.i.embedder.EclipseLogger - Using platform encoding (Cp1252 actually) to copy filtered resources, i.e. build is platform dependent!
2021-07-17 08:15:34,367 [Worker-6: Launching TestFunction] INFO  o.e.m.c.i.embedder.EclipseLogger - Copying 0 resource
2021-07-17 08:15:34,368 [Worker-6: Launching TestFunction] WARN  o.e.m.c.i.embedder.EclipseLogger - Using platform encoding (Cp1252 actually) to copy filtered resources, i.e. build is platform dependent!
2021-07-17 08:15:34,370 [Worker-6: Launching TestFunction] INFO  o.e.m.c.i.embedder.EclipseLogger - Copying 0 resource
2021-07-17 08:16:01,300 [Worker-6: Launching TestFunction] WARN  o.e.m.c.i.embedder.EclipseLogger - Using platform encoding (Cp1252 actually) to copy filtered resources, i.e. build is platform dependent!
2021-07-17 08:16:01,301 [Worker-6: Launching TestFunction] INFO  o.e.m.c.i.embedder.EclipseLogger - Copying 0 resource
2021-07-17 08:16:01,303 [Worker-6: Launching TestFunction] WARN  o.e.m.c.i.embedder.EclipseLogger - Using platform encoding (Cp1252 actually) to copy filtered resources, i.e. build is platform dependent!
2021-07-17 08:16:01,304 [Worker-6: Launching TestFunction] INFO  o.e.m.c.i.embedder.EclipseLogger - Copying 0 resource
2021-07-17 08:21:41,039 [Worker-1: Loading available Gradle versions] INFO  o.e.b.c.i.u.g.PublishedGradleVersions - Gradle version information cache is up-to-date. Trying to read.
2021-07-17 08:27:54,745 [Worker-12: Launching TestFunction] WARN  o.e.m.c.i.embedder.EclipseLogger - Using platform encoding (Cp1252 actually) to copy filtered resources, i.e. build is platform dependent!
2021-07-17 08:27:54,895 [Worker-12: Launching TestFunction] INFO  o.e.m.c.i.embedder.EclipseLogger - Copying 0 resource
2021-07-17 08:27:54,898 [Worker-12: Launching TestFunction] WARN  o.e.m.c.i.embedder.EclipseLogger - Using platform encoding (Cp1252 actually) to copy filtered resources, i.e. build is platform dependent!
2021-07-17 08:27:54,899 [Worker-12: Launching TestFunction] INFO  o.e.m.c.i.embedder.EclipseLogger - Copying 0 resource
2021-07-17 08:31:48,245 [Worker-12: Building] WARN  o.e.m.c.i.embedder.EclipseLogger - Using platform encoding (Cp1252 actually) to copy filtered resources, i.e. build is platform dependent!
2021-07-17 08:31:48,249 [Worker-12: Building] INFO  o.e.m.c.i.embedder.EclipseLogger - Copying 0 resource
2021-07-17 08:31:48,251 [Worker-12: Building] WARN  o.e.m.c.i.embedder.EclipseLogger - Using platform encoding (Cp1252 actually) to copy filtered resources, i.e. build is platform dependent!
2021-07-17 08:31:48,260 [Worker-12: Building] INFO  o.e.m.c.i.embedder.EclipseLogger - Copying 0 resource
2021-07-17 08:32:19,133 [Worker-5: Building] WARN  o.e.m.c.i.embedder.EclipseLogger - Using platform encoding (Cp1252 actually) to copy filtered resources, i.e. build is platform dependent!
2021-07-17 08:32:19,154 [Worker-5: Building] INFO  o.e.m.c.i.embedder.EclipseLogger - Copying 0 resource
2021-07-17 08:32:19,157 [Worker-5: Building] WARN  o.e.m.c.i.embedder.EclipseLogger - Using platform encoding (Cp1252 actually) to copy filtered resources, i.e. build is platform dependent!
2021-07-17 08:32:19,159 [Worker-5: Building] INFO  o.e.m.c.i.embedder.EclipseLogger - Copying 1 resource
2021-07-17 08:32:22,837 [Worker-12: Building] WARN  o.e.m.c.i.embedder.EclipseLogger - Using platform encoding (Cp1252 actually) to copy filtered resources, i.e. build is platform dependent!
2021-07-17 08:32:22,839 [Worker-12: Building] INFO  o.e.m.c.i.embedder.EclipseLogger - Copying 0 resource
2021-07-17 08:32:22,841 [Worker-12: Building] WARN  o.e.m.c.i.embedder.EclipseLogger - Using platform encoding (Cp1252 actually) to copy filtered resources, i.e. build is platform dependent!
2021-07-17 08:32:22,869 [Worker-12: Building] INFO  o.e.m.c.i.embedder.EclipseLogger - Copying 1 resource
2021-07-17 08:37:34,888 [Worker-5: Launching UseMethod] WARN  o.e.m.c.i.embedder.EclipseLogger - Using platform encoding (Cp1252 actually) to copy filtered resources, i.e. build is platform dependent!
2021-07-17 08:37:34,987 [Worker-5: Launching UseMethod] INFO  o.e.m.c.i.embedder.EclipseLogger - Copying 0 resource
2021-07-17 08:37:34,991 [Worker-5: Launching UseMethod] WARN  o.e.m.c.i.embedder.EclipseLogger - Using platform encoding (Cp1252 actually) to copy filtered resources, i.e. build is platform dependent!
2021-07-17 08:37:34,994 [Worker-5: Launching UseMethod] INFO  o.e.m.c.i.embedder.EclipseLogger - Copying 1 resource
2021-07-17 08:41:26,182 [Worker-18: Launching UseMethod] WARN  o.e.m.c.i.embedder.EclipseLogger - Using platform encoding (Cp1252 actually) to copy filtered resources, i.e. build is platform dependent!
2021-07-17 08:41:26,189 [Worker-18: Launching UseMethod] INFO  o.e.m.c.i.embedder.EclipseLogger - Copying 0 resource
2021-07-17 08:41:26,191 [Worker-18: Launching UseMethod] WARN  o.e.m.c.i.embedder.EclipseLogger - Using platform encoding (Cp1252 actually) to copy filtered resources, i.e. build is platform dependent!
2021-07-17 08:41:26,192 [Worker-18: Launching UseMethod] INFO  o.e.m.c.i.embedder.EclipseLogger - Copying 1 resource
2021-07-17 08:44:10,158 [Worker-22: Launching TestFunction] WARN  o.e.m.c.i.embedder.EclipseLogger - Using platform encoding (Cp1252 actually) to copy filtered resources, i.e. build is platform dependent!
2021-07-17 08:44:10,159 [Worker-22: Launching TestFunction] INFO  o.e.m.c.i.embedder.EclipseLogger - Copying 0 resource
2021-07-17 08:44:10,160 [Worker-22: Launching TestFunction] WARN  o.e.m.c.i.embedder.EclipseLogger - Using platform encoding (Cp1252 actually) to copy filtered resources, i.e. build is platform dependent!
2021-07-17 08:44:10,162 [Worker-22: Launching TestFunction] INFO  o.e.m.c.i.embedder.EclipseLogger - Copying 1 resource
2021-07-17 08:52:16,303 [Worker-21: Building] WARN  o.e.m.c.i.embedder.EclipseLogger - Using platform encoding (Cp1252 actually) to copy filtered resources, i.e. build is platform dependent!
2021-07-17 08:52:16,317 [Worker-21: Building] INFO  o.e.m.c.i.embedder.EclipseLogger - Copying 0 resource
2021-07-17 08:52:16,322 [Worker-21: Building] WARN  o.e.m.c.i.embedder.EclipseLogger - Using platform encoding (Cp1252 actually) to copy filtered resources, i.e. build is platform dependent!
2021-07-17 08:52:16,329 [Worker-21: Building] INFO  o.e.m.c.i.embedder.EclipseLogger - Copying 1 resource
2021-07-17 08:54:04,916 [Worker-26: Launching TestFunction] WARN  o.e.m.c.i.embedder.EclipseLogger - Using platform encoding (Cp1252 actually) to copy filtered resources, i.e. build is platform dependent!
2021-07-17 08:54:04,918 [Worker-26: Launching TestFunction] INFO  o.e.m.c.i.embedder.EclipseLogger - Copying 0 resource
2021-07-17 08:54:04,920 [Worker-26: Launching TestFunction] WARN  o.e.m.c.i.embedder.EclipseLogger - Using platform encoding (Cp1252 actually) to copy filtered resources, i.e. build is platform dependent!
2021-07-17 08:54:04,922 [Worker-26: Launching TestFunction] INFO  o.e.m.c.i.embedder.EclipseLogger - Copying 1 resource
2021-07-17 17:48:52,619 [Worker-9: Loading available Gradle versions] INFO  o.e.b.c.i.u.g.PublishedGradleVersions - Gradle version information cache is up-to-date. Trying to read.
2021-07-17 17:55:20,890 [Worker-1: Launching TestFunction] WARN  o.e.m.c.i.embedder.EclipseLogger - Using platform encoding (Cp1252 actually) to copy filtered resources, i.e. build is platform dependent!
2021-07-17 17:55:20,902 [Worker-1: Launching TestFunction] INFO  o.e.m.c.i.embedder.EclipseLogger - Copying 0 resource
2021-07-17 17:55:20,907 [Worker-1: Launching TestFunction] WARN  o.e.m.c.i.embedder.EclipseLogger - Using platform encoding (Cp1252 actually) to copy filtered resources, i.e. build is platform dependent!
2021-07-17 17:55:20,910 [Worker-1: Launching TestFunction] INFO  o.e.m.c.i.embedder.EclipseLogger - Copying 1 resource
2021-07-17 18:29:45,212 [Worker-5: Launching TestFunction] WARN  o.e.m.c.i.embedder.EclipseLogger - Using platform encoding (Cp1252 actually) to copy filtered resources, i.e. build is platform dependent!
2021-07-17 18:29:45,252 [Worker-5: Launching TestFunction] INFO  o.e.m.c.i.embedder.EclipseLogger - Copying 0 resource
2021-07-17 18:29:45,255 [Worker-5: Launching TestFunction] WARN  o.e.m.c.i.embedder.EclipseLogger - Using platform encoding (Cp1252 actually) to copy filtered resources, i.e. build is platform dependent!
2021-07-17 18:29:45,270 [Worker-5: Launching TestFunction] INFO  o.e.m.c.i.embedder.EclipseLogger - Copying 1 resource
2021-07-17 18:35:45,058 [Worker-27: Launching TestFunction] WARN  o.e.m.c.i.embedder.EclipseLogger - Using platform encoding (Cp1252 actually) to copy filtered resources, i.e. build is platform dependent!
2021-07-17 18:35:45,060 [Worker-27: Launching TestFunction] INFO  o.e.m.c.i.embedder.EclipseLogger - Copying 0 resource
2021-07-17 18:35:45,063 [Worker-27: Launching TestFunction] WARN  o.e.m.c.i.embedder.EclipseLogger - Using platform encoding (Cp1252 actually) to copy filtered resources, i.e. build is platform dependent!
2021-07-17 18:35:45,065 [Worker-27: Launching TestFunction] INFO  o.e.m.c.i.embedder.EclipseLogger - Copying 1 resource
2021-07-17 19:32:57,901 [Worker-45: Building] WARN  o.e.m.c.i.embedder.EclipseLogger - Using platform encoding (Cp1252 actually) to copy filtered resources, i.e. build is platform dependent!
2021-07-17 19:32:57,926 [Worker-45: Building] INFO  o.e.m.c.i.embedder.EclipseLogger - Copying 0 resource
2021-07-17 19:32:57,929 [Worker-45: Building] WARN  o.e.m.c.i.embedder.EclipseLogger - Using platform encoding (Cp1252 actually) to copy filtered resources, i.e. build is platform dependent!
2021-07-17 19:32:57,945 [Worker-45: Building] INFO  o.e.m.c.i.embedder.EclipseLogger - Copying 1 resource
2021-07-17 19:36:12,718 [Worker-47: Launching TestFunction] WARN  o.e.m.c.i.embedder.EclipseLogger - Using platform encoding (Cp1252 actually) to copy filtered resources, i.e. build is platform dependent!
2021-07-17 19:36:12,728 [Worker-47: Launching TestFunction] INFO  o.e.m.c.i.embedder.EclipseLogger - Copying 0 resource
2021-07-17 19:36:12,730 [Worker-47: Launching TestFunction] WARN  o.e.m.c.i.embedder.EclipseLogger - Using platform encoding (Cp1252 actually) to copy filtered resources, i.e. build is platform dependent!
2021-07-17 19:36:12,732 [Worker-47: Launching TestFunction] INFO  o.e.m.c.i.embedder.EclipseLogger - Copying 1 resource
2021-07-17 19:40:25,749 [Worker-49: Building] WARN  o.e.m.c.i.embedder.EclipseLogger - Using platform encoding (Cp1252 actually) to copy filtered resources, i.e. build is platform dependent!
2021-07-17 19:40:25,968 [Worker-49: Building] INFO  o.e.m.c.i.embedder.EclipseLogger - Copying 0 resource
2021-07-17 19:40:25,971 [Worker-49: Building] WARN  o.e.m.c.i.embedder.EclipseLogger - Using platform encoding (Cp1252 actually) to copy filtered resources, i.e. build is platform dependent!
2021-07-17 19:40:25,973 [Worker-49: Building] INFO  o.e.m.c.i.embedder.EclipseLogger - Copying 1 resource
2021-07-17 19:55:42,269 [Worker-54: Launching TestFunction] WARN  o.e.m.c.i.embedder.EclipseLogger - Using platform encoding (Cp1252 actually) to copy filtered resources, i.e. build is platform dependent!
2021-07-17 19:55:42,278 [Worker-54: Launching TestFunction] INFO  o.e.m.c.i.embedder.EclipseLogger - Copying 0 resource
2021-07-17 19:55:42,282 [Worker-54: Launching TestFunction] WARN  o.e.m.c.i.embedder.EclipseLogger - Using platform encoding (Cp1252 actually) to copy filtered resources, i.e. build is platform dependent!
2021-07-17 19:55:42,284 [Worker-54: Launching TestFunction] INFO  o.e.m.c.i.embedder.EclipseLogger - Copying 1 resource
2021-07-18 18:51:09,562 [Worker-4: Loading available Gradle versions] INFO  o.e.b.c.i.u.g.PublishedGradleVersions - Gradle version information cache is out-of-date. Trying to update.
2021-07-18 18:52:09,108 [Worker-4: Building] WARN  o.e.m.c.i.embedder.EclipseLogger - Using platform encoding (Cp1252 actually) to copy filtered resources, i.e. build is platform dependent!
2021-07-18 18:52:09,116 [Worker-4: Building] INFO  o.e.m.c.i.embedder.EclipseLogger - Copying 0 resource
2021-07-18 18:52:09,119 [Worker-4: Building] WARN  o.e.m.c.i.embedder.EclipseLogger - Using platform encoding (Cp1252 actually) to copy filtered resources, i.e. build is platform dependent!
2021-07-18 18:52:09,120 [Worker-4: Building] INFO  o.e.m.c.i.embedder.EclipseLogger - Copying 1 resource
2021-07-18 18:52:41,139 [Worker-4: Building] WARN  o.e.m.c.i.embedder.EclipseLogger - Using platform encoding (Cp1252 actually) to copy filtered resources, i.e. build is platform dependent!
2021-07-18 18:52:41,142 [Worker-4: Building] INFO  o.e.m.c.i.embedder.EclipseLogger - Copying 0 resource
2021-07-18 18:52:41,145 [Worker-4: Building] WARN  o.e.m.c.i.embedder.EclipseLogger - Using platform encoding (Cp1252 actually) to copy filtered resources, i.e. build is platform dependent!
2021-07-18 18:52:41,150 [Worker-4: Building] INFO  o.e.m.c.i.embedder.EclipseLogger - Copying 1 resource
2021-07-18 18:55:11,789 [Worker-9: Building] WARN  o.e.m.c.i.embedder.EclipseLogger - Using platform encoding (Cp1252 actually) to copy filtered resources, i.e. build is platform dependent!
2021-07-18 18:55:11,898 [Worker-9: Building] INFO  o.e.m.c.i.embedder.EclipseLogger - Copying 0 resource
2021-07-18 18:55:11,905 [Worker-9: Building] WARN  o.e.m.c.i.embedder.EclipseLogger - Using platform encoding (Cp1252 actually) to copy filtered resources, i.e. build is platform dependent!
2021-07-18 18:55:11,910 [Worker-9: Building] INFO  o.e.m.c.i.embedder.EclipseLogger - Copying 1 resource
2021-07-18 18:56:11,629 [Worker-5: Launching TestFlipkart] WARN  o.e.m.c.i.embedder.EclipseLogger - Using platform encoding (Cp1252 actually) to copy filtered resources, i.e. build is platform dependent!
2021-07-18 18:56:11,630 [Worker-5: Launching TestFlipkart] INFO  o.e.m.c.i.embedder.EclipseLogger - Copying 0 resource
2021-07-18 18:56:11,632 [Worker-5: Launching TestFlipkart] WARN  o.e.m.c.i.embedder.EclipseLogger - Using platform encoding (Cp1252 actually) to copy filtered resources, i.e. build is platform dependent!
2021-07-18 18:56:11,635 [Worker-5: Launching TestFlipkart] INFO  o.e.m.c.i.embedder.EclipseLogger - Copying 1 resource
2021-07-18 19:08:06,315 [Worker-1: Building] WARN  o.e.m.c.i.embedder.EclipseLogger - Using platform encoding (Cp1252 actually) to copy filtered resources, i.e. build is platform dependent!
2021-07-18 19:08:06,318 [Worker-1: Building] INFO  o.e.m.c.i.embedder.EclipseLogger - Copying 0 resource
2021-07-18 19:08:06,320 [Worker-1: Building] WARN  o.e.m.c.i.embedder.EclipseLogger - Using platform encoding (Cp1252 actually) to copy filtered resources, i.e. build is platform dependent!
2021-07-18 19:08:06,322 [Worker-1: Building] INFO  o.e.m.c.i.embedder.EclipseLogger - Copying 1 resource
2021-07-18 19:11:39,083 [Worker-0: Building] WARN  o.e.m.c.i.embedder.EclipseLogger - Using platform encoding (Cp1252 actually) to copy filtered resources, i.e. build is platform dependent!
2021-07-18 19:11:39,085 [Worker-0: Building] INFO  o.e.m.c.i.embedder.EclipseLogger - Copying 0 resource
2021-07-18 19:11:39,088 [Worker-0: Building] WARN  o.e.m.c.i.embedder.EclipseLogger - Using platform encoding (Cp1252 actually) to copy filtered resources, i.e. build is platform dependent!
2021-07-18 19:11:39,093 [Worker-0: Building] INFO  o.e.m.c.i.embedder.EclipseLogger - Copying 1 resource
2021-07-18 19:12:01,122 [Worker-13: Building] WARN  o.e.m.c.i.embedder.EclipseLogger - Using platform encoding (Cp1252 actually) to copy filtered resources, i.e. build is platform dependent!
2021-07-18 19:12:01,123 [Worker-13: Building] INFO  o.e.m.c.i.embedder.EclipseLogger - Copying 0 resource
2021-07-18 19:12:01,125 [Worker-13: Building] WARN  o.e.m.c.i.embedder.EclipseLogger - Using platform encoding (Cp1252 actually) to copy filtered resources, i.e. build is platform dependent!
2021-07-18 19:12:01,127 [Worker-13: Building] INFO  o.e.m.c.i.embedder.EclipseLogger - Copying 1 resource
2021-07-18 19:12:30,796 [Worker-12: Building] WARN  o.e.m.c.i.embedder.EclipseLogger - Using platform encoding (Cp1252 actually) to copy filtered resources, i.e. build is platform dependent!
2021-07-18 19:12:30,797 [Worker-12: Building] INFO  o.e.m.c.i.embedder.EclipseLogger - Copying 0 resource
2021-07-18 19:12:30,801 [Worker-12: Building] WARN  o.e.m.c.i.embedder.EclipseLogger - Using platform encoding (Cp1252 actually) to copy filtered resources, i.e. build is platform dependent!
2021-07-18 19:12:30,803 [Worker-12: Building] INFO  o.e.m.c.i.embedder.EclipseLogger - Copying 1 resource
2021-07-18 19:14:00,859 [Worker-10: Building] WARN  o.e.m.c.i.embedder.EclipseLogger - Using platform encoding (Cp1252 actually) to copy filtered resources, i.e. build is platform dependent!
2021-07-18 19:14:00,860 [Worker-10: Building] INFO  o.e.m.c.i.embedder.EclipseLogger - Copying 0 resource
2021-07-18 19:14:00,864 [Worker-10: Building] WARN  o.e.m.c.i.embedder.EclipseLogger - Using platform encoding (Cp1252 actually) to copy filtered resources, i.e. build is platform dependent!
2021-07-18 19:14:00,869 [Worker-10: Building] INFO  o.e.m.c.i.embedder.EclipseLogger - Copying 1 resource
2021-07-18 19:17:59,409 [Worker-10: Building] WARN  o.e.m.c.i.embedder.EclipseLogger - Using platform encoding (Cp1252 actually) to copy filtered resources, i.e. build is platform dependent!
2021-07-18 19:17:59,412 [Worker-10: Building] INFO  o.e.m.c.i.embedder.EclipseLogger - Copying 0 resource
2021-07-18 19:17:59,414 [Worker-10: Building] WARN  o.e.m.c.i.embedder.EclipseLogger - Using platform encoding (Cp1252 actually) to copy filtered resources, i.e. build is platform dependent!
2021-07-18 19:17:59,416 [Worker-10: Building] INFO  o.e.m.c.i.embedder.EclipseLogger - Copying 1 resource
2021-07-18 19:21:01,309 [Worker-0: Building] WARN  o.e.m.c.i.embedder.EclipseLogger - Using platform encoding (Cp1252 actually) to copy filtered resources, i.e. build is platform dependent!
2021-07-18 19:21:01,311 [Worker-0: Building] INFO  o.e.m.c.i.embedder.EclipseLogger - Copying 0 resource
2021-07-18 19:21:01,315 [Worker-0: Building] WARN  o.e.m.c.i.embedder.EclipseLogger - Using platform encoding (Cp1252 actually) to copy filtered resources, i.e. build is platform dependent!
2021-07-18 19:21:01,317 [Worker-0: Building] INFO  o.e.m.c.i.embedder.EclipseLogger - Copying 1 resource
2021-07-18 19:38:50,383 [Worker-14: Building] WARN  o.e.m.c.i.embedder.EclipseLogger - Using platform encoding (Cp1252 actually) to copy filtered resources, i.e. build is platform dependent!
2021-07-18 19:38:50,406 [Worker-14: Building] INFO  o.e.m.c.i.embedder.EclipseLogger - Copying 0 resource
2021-07-18 19:38:50,410 [Worker-14: Building] WARN  o.e.m.c.i.embedder.EclipseLogger - Using platform encoding (Cp1252 actually) to copy filtered resources, i.e. build is platform dependent!
2021-07-18 19:38:50,412 [Worker-14: Building] INFO  o.e.m.c.i.embedder.EclipseLogger - Copying 1 resource
2021-07-18 19:41:21,511 [Worker-22: Building] WARN  o.e.m.c.i.embedder.EclipseLogger - Using platform encoding (Cp1252 actually) to copy filtered resources, i.e. build is platform dependent!
2021-07-18 19:41:21,825 [Worker-22: Building] INFO  o.e.m.c.i.embedder.EclipseLogger - Copying 0 resource
2021-07-18 19:41:21,827 [Worker-22: Building] WARN  o.e.m.c.i.embedder.EclipseLogger - Using platform encoding (Cp1252 actually) to copy filtered resources, i.e. build is platform dependent!
2021-07-18 19:41:21,828 [Worker-22: Building] INFO  o.e.m.c.i.embedder.EclipseLogger - Copying 1 resource
2021-07-18 20:17:20,744 [Worker-23: Building] WARN  o.e.m.c.i.embedder.EclipseLogger - Using platform encoding (Cp1252 actually) to copy filtered resources, i.e. build is platform dependent!
2021-07-18 20:17:20,747 [Worker-23: Building] INFO  o.e.m.c.i.embedder.EclipseLogger - Copying 0 resource
2021-07-18 20:17:20,749 [Worker-23: Building] WARN  o.e.m.c.i.embedder.EclipseLogger - Using platform encoding (Cp1252 actually) to copy filtered resources, i.e. build is platform dependent!
2021-07-18 20:17:20,750 [Worker-23: Building] INFO  o.e.m.c.i.embedder.EclipseLogger - Copying 1 resource
2021-07-18 20:17:28,590 [Worker-26: Launching TestFlipkart] WARN  o.e.m.c.i.embedder.EclipseLogger - Using platform encoding (Cp1252 actually) to copy filtered resources, i.e. build is platform dependent!
2021-07-18 20:17:28,592 [Worker-26: Launching TestFlipkart] INFO  o.e.m.c.i.embedder.EclipseLogger - Copying 0 resource
2021-07-18 20:17:28,592 [Worker-26: Launching TestFlipkart] WARN  o.e.m.c.i.embedder.EclipseLogger - Using platform encoding (Cp1252 actually) to copy filtered resources, i.e. build is platform dependent!
2021-07-18 20:17:28,594 [Worker-26: Launching TestFlipkart] INFO  o.e.m.c.i.embedder.EclipseLogger - Copying 1 resource
2021-07-18 20:18:42,609 [Worker-25: Building] WARN  o.e.m.c.i.embedder.EclipseLogger - Using platform encoding (Cp1252 actually) to copy filtered resources, i.e. build is platform dependent!
2021-07-18 20:18:42,611 [Worker-25: Building] INFO  o.e.m.c.i.embedder.EclipseLogger - Copying 0 resource
2021-07-18 20:18:42,613 [Worker-25: Building] WARN  o.e.m.c.i.embedder.EclipseLogger - Using platform encoding (Cp1252 actually) to copy filtered resources, i.e. build is platform dependent!
2021-07-18 20:18:42,614 [Worker-25: Building] INFO  o.e.m.c.i.embedder.EclipseLogger - Copying 1 resource
2021-07-18 20:21:20,902 [Worker-19: Building] WARN  o.e.m.c.i.embedder.EclipseLogger - Using platform encoding (Cp1252 actually) to copy filtered resources, i.e. build is platform dependent!
2021-07-18 20:21:20,916 [Worker-19: Building] INFO  o.e.m.c.i.embedder.EclipseLogger - Copying 0 resource
2021-07-18 20:21:20,918 [Worker-19: Building] WARN  o.e.m.c.i.embedder.EclipseLogger - Using platform encoding (Cp1252 actually) to copy filtered resources, i.e. build is platform dependent!
2021-07-18 20:21:20,920 [Worker-19: Building] INFO  o.e.m.c.i.embedder.EclipseLogger - Copying 1 resource
2021-07-18 20:21:47,686 [Worker-24: Building] WARN  o.e.m.c.i.embedder.EclipseLogger - Using platform encoding (Cp1252 actually) to copy filtered resources, i.e. build is platform dependent!
2021-07-18 20:21:47,686 [Worker-24: Building] INFO  o.e.m.c.i.embedder.EclipseLogger - Copying 0 resource
2021-07-18 20:21:47,688 [Worker-24: Building] WARN  o.e.m.c.i.embedder.EclipseLogger - Using platform encoding (Cp1252 actually) to copy filtered resources, i.e. build is platform dependent!
2021-07-18 20:21:47,690 [Worker-24: Building] INFO  o.e.m.c.i.embedder.EclipseLogger - Copying 1 resource
2021-07-18 20:22:57,972 [Worker-25: Building] WARN  o.e.m.c.i.embedder.EclipseLogger - Using platform encoding (Cp1252 actually) to copy filtered resources, i.e. build is platform dependent!
2021-07-18 20:22:57,974 [Worker-25: Building] INFO  o.e.m.c.i.embedder.EclipseLogger - Copying 0 resource
2021-07-18 20:22:57,975 [Worker-25: Building] WARN  o.e.m.c.i.embedder.EclipseLogger - Using platform encoding (Cp1252 actually) to copy filtered resources, i.e. build is platform dependent!
2021-07-18 20:22:57,976 [Worker-25: Building] INFO  o.e.m.c.i.embedder.EclipseLogger - Copying 1 resource
2021-07-18 20:31:50,689 [Worker-29: Building] WARN  o.e.m.c.i.embedder.EclipseLogger - Using platform encoding (Cp1252 actually) to copy filtered resources, i.e. build is platform dependent!
2021-07-18 20:31:50,691 [Worker-29: Building] INFO  o.e.m.c.i.embedder.EclipseLogger - Copying 0 resource
2021-07-18 20:31:50,702 [Worker-29: Building] WARN  o.e.m.c.i.embedder.EclipseLogger - Using platform encoding (Cp1252 actually) to copy filtered resources, i.e. build is platform dependent!
2021-07-18 20:31:50,704 [Worker-29: Building] INFO  o.e.m.c.i.embedder.EclipseLogger - Copying 1 resource
2021-07-18 20:33:54,419 [Worker-25: Building] WARN  o.e.m.c.i.embedder.EclipseLogger - Using platform encoding (Cp1252 actually) to copy filtered resources, i.e. build is platform dependent!
2021-07-18 20:33:54,420 [Worker-25: Building] INFO  o.e.m.c.i.embedder.EclipseLogger - Copying 0 resource
2021-07-18 20:33:54,424 [Worker-25: Building] WARN  o.e.m.c.i.embedder.EclipseLogger - Using platform encoding (Cp1252 actually) to copy filtered resources, i.e. build is platform dependent!
2021-07-18 20:33:54,426 [Worker-25: Building] INFO  o.e.m.c.i.embedder.EclipseLogger - Copying 1 resource
2021-07-18 21:14:32,128 [Worker-36: Building] WARN  o.e.m.c.i.embedder.EclipseLogger - Using platform encoding (Cp1252 actually) to copy filtered resources, i.e. build is platform dependent!
2021-07-18 21:14:32,144 [Worker-36: Building] INFO  o.e.m.c.i.embedder.EclipseLogger - Copying 0 resource
2021-07-18 21:14:32,146 [Worker-36: Building] WARN  o.e.m.c.i.embedder.EclipseLogger - Using platform encoding (Cp1252 actually) to copy filtered resources, i.e. build is platform dependent!
2021-07-18 21:14:32,153 [Worker-36: Building] INFO  o.e.m.c.i.embedder.EclipseLogger - Copying 1 resource
2021-07-18 21:16:17,860 [Worker-33: Building] WARN  o.e.m.c.i.embedder.EclipseLogger - Using platform encoding (Cp1252 actually) to copy filtered resources, i.e. build is platform dependent!
2021-07-18 21:16:17,871 [Worker-33: Building] INFO  o.e.m.c.i.embedder.EclipseLogger - Copying 0 resource
2021-07-18 21:16:17,874 [Worker-33: Building] WARN  o.e.m.c.i.embedder.EclipseLogger - Using platform encoding (Cp1252 actually) to copy filtered resources, i.e. build is platform dependent!
2021-07-18 21:16:17,876 [Worker-33: Building] INFO  o.e.m.c.i.embedder.EclipseLogger - Copying 1 resource
2021-07-18 21:17:42,934 [Worker-39: Launching TestFlipkart] WARN  o.e.m.c.i.embedder.EclipseLogger - Using platform encoding (Cp1252 actually) to copy filtered resources, i.e. build is platform dependent!
2021-07-18 21:17:42,941 [Worker-39: Launching TestFlipkart] INFO  o.e.m.c.i.embedder.EclipseLogger - Copying 0 resource
2021-07-18 21:17:42,944 [Worker-39: Launching TestFlipkart] WARN  o.e.m.c.i.embedder.EclipseLogger - Using platform encoding (Cp1252 actually) to copy filtered resources, i.e. build is platform dependent!
2021-07-18 21:17:42,947 [Worker-39: Launching TestFlipkart] INFO  o.e.m.c.i.embedder.EclipseLogger - Copying 1 resource
2021-07-18 21:39:26,765 [Worker-49: Launching TestFlipkart] WARN  o.e.m.c.i.embedder.EclipseLogger - Using platform encoding (Cp1252 actually) to copy filtered resources, i.e. build is platform dependent!
2021-07-18 21:39:26,778 [Worker-49: Launching TestFlipkart] INFO  o.e.m.c.i.embedder.EclipseLogger - Copying 0 resource
2021-07-18 21:39:26,780 [Worker-49: Launching TestFlipkart] WARN  o.e.m.c.i.embedder.EclipseLogger - Using platform encoding (Cp1252 actually) to copy filtered resources, i.e. build is platform dependent!
2021-07-18 21:39:26,783 [Worker-49: Launching TestFlipkart] INFO  o.e.m.c.i.embedder.EclipseLogger - Copying 1 resource
2021-07-18 21:41:54,285 [Worker-49: Launching TestFlipkart] WARN  o.e.m.c.i.embedder.EclipseLogger - Using platform encoding (Cp1252 actually) to copy filtered resources, i.e. build is platform dependent!
2021-07-18 21:41:54,301 [Worker-49: Launching TestFlipkart] INFO  o.e.m.c.i.embedder.EclipseLogger - Copying 0 resource
2021-07-18 21:41:54,304 [Worker-49: Launching TestFlipkart] WARN  o.e.m.c.i.embedder.EclipseLogger - Using platform encoding (Cp1252 actually) to copy filtered resources, i.e. build is platform dependent!
2021-07-18 21:41:54,306 [Worker-49: Launching TestFlipkart] INFO  o.e.m.c.i.embedder.EclipseLogger - Copying 1 resource
2021-07-18 21:59:57,734 [Worker-57: Launching TestFlipkart] WARN  o.e.m.c.i.embedder.EclipseLogger - Using platform encoding (Cp1252 actually) to copy filtered resources, i.e. build is platform dependent!
2021-07-18 21:59:57,735 [Worker-57: Launching TestFlipkart] INFO  o.e.m.c.i.embedder.EclipseLogger - Copying 0 resource
2021-07-18 21:59:57,736 [Worker-57: Launching TestFlipkart] WARN  o.e.m.c.i.embedder.EclipseLogger - Using platform encoding (Cp1252 actually) to copy filtered resources, i.e. build is platform dependent!
2021-07-18 21:59:57,738 [Worker-57: Launching TestFlipkart] INFO  o.e.m.c.i.embedder.EclipseLogger - Copying 1 resource
2021-07-18 22:14:50,162 [Worker-44: Building] WARN  o.e.m.c.i.embedder.EclipseLogger - Using platform encoding (Cp1252 actually) to copy filtered resources, i.e. build is platform dependent!
2021-07-18 22:14:50,169 [Worker-44: Building] INFO  o.e.m.c.i.embedder.EclipseLogger - Copying 0 resource
2021-07-18 22:14:50,170 [Worker-44: Building] WARN  o.e.m.c.i.embedder.EclipseLogger - Using platform encoding (Cp1252 actually) to copy filtered resources, i.e. build is platform dependent!
2021-07-18 22:14:50,172 [Worker-44: Building] INFO  o.e.m.c.i.embedder.EclipseLogger - Copying 1 resource
2021-07-18 22:27:09,746 [Worker-65: Building] WARN  o.e.m.c.i.embedder.EclipseLogger - Using platform encoding (Cp1252 actually) to copy filtered resources, i.e. build is platform dependent!
2021-07-18 22:27:09,761 [Worker-65: Building] INFO  o.e.m.c.i.embedder.EclipseLogger - Copying 0 resource
2021-07-18 22:27:09,765 [Worker-65: Building] WARN  o.e.m.c.i.embedder.EclipseLogger - Using platform encoding (Cp1252 actually) to copy filtered resources, i.e. build is platform dependent!
2021-07-18 22:27:09,767 [Worker-65: Building] INFO  o.e.m.c.i.embedder.EclipseLogger - Copying 1 resource
2021-07-18 22:32:56,356 [Worker-68: Building] WARN  o.e.m.c.i.embedder.EclipseLogger - Using platform encoding (Cp1252 actually) to copy filtered resources, i.e. build is platform dependent!
2021-07-18 22:32:56,359 [Worker-68: Building] INFO  o.e.m.c.i.embedder.EclipseLogger - Copying 0 resource
2021-07-18 22:32:56,360 [Worker-68: Building] WARN  o.e.m.c.i.embedder.EclipseLogger - Using platform encoding (Cp1252 actually) to copy filtered resources, i.e. build is platform dependent!
2021-07-18 22:32:56,361 [Worker-68: Building] INFO  o.e.m.c.i.embedder.EclipseLogger - Copying 1 resource
2021-07-18 22:34:06,510 [Worker-65: Launching TestFlipkart] WARN  o.e.m.c.i.embedder.EclipseLogger - Using platform encoding (Cp1252 actually) to copy filtered resources, i.e. build is platform dependent!
2021-07-18 22:34:06,512 [Worker-65: Launching TestFlipkart] INFO  o.e.m.c.i.embedder.EclipseLogger - Copying 0 resource
2021-07-18 22:34:06,513 [Worker-65: Launching TestFlipkart] WARN  o.e.m.c.i.embedder.EclipseLogger - Using platform encoding (Cp1252 actually) to copy filtered resources, i.e. build is platform dependent!
2021-07-18 22:34:06,515 [Worker-65: Launching TestFlipkart] INFO  o.e.m.c.i.embedder.EclipseLogger - Copying 1 resource
2021-07-18 22:35:59,388 [Worker-67: Building] WARN  o.e.m.c.i.embedder.EclipseLogger - Using platform encoding (Cp1252 actually) to copy filtered resources, i.e. build is platform dependent!
2021-07-18 22:35:59,404 [Worker-67: Building] INFO  o.e.m.c.i.embedder.EclipseLogger - Copying 0 resource
2021-07-18 22:35:59,407 [Worker-67: Building] WARN  o.e.m.c.i.embedder.EclipseLogger - Using platform encoding (Cp1252 actually) to copy filtered resources, i.e. build is platform dependent!
2021-07-18 22:35:59,409 [Worker-67: Building] INFO  o.e.m.c.i.embedder.EclipseLogger - Copying 1 resource
2021-07-18 22:36:15,337 [Worker-68: Building] WARN  o.e.m.c.i.embedder.EclipseLogger - Using platform encoding (Cp1252 actually) to copy filtered resources, i.e. build is platform dependent!
2021-07-18 22:36:15,338 [Worker-68: Building] INFO  o.e.m.c.i.embedder.EclipseLogger - Copying 0 resource
2021-07-18 22:36:15,339 [Worker-68: Building] WARN  o.e.m.c.i.embedder.EclipseLogger - Using platform encoding (Cp1252 actually) to copy filtered resources, i.e. build is platform dependent!
2021-07-18 22:36:15,340 [Worker-68: Building] INFO  o.e.m.c.i.embedder.EclipseLogger - Copying 1 resource
2021-07-19 07:42:34,734 [Worker-1: Building] WARN  o.e.m.c.i.embedder.EclipseLogger - Using platform encoding (Cp1252 actually) to copy filtered resources, i.e. build is platform dependent!
2021-07-19 07:42:34,750 [Worker-1: Building] INFO  o.e.m.c.i.embedder.EclipseLogger - Copying 0 resource
2021-07-19 07:42:34,766 [Worker-1: Building] WARN  o.e.m.c.i.embedder.EclipseLogger - Using platform encoding (Cp1252 actually) to copy filtered resources, i.e. build is platform dependent!
2021-07-19 07:42:34,766 [Worker-1: Building] INFO  o.e.m.c.i.embedder.EclipseLogger - Copying 1 resource
2021-07-19 07:42:40,860 [Worker-3: Loading available Gradle versions] INFO  o.e.b.c.i.u.g.PublishedGradleVersions - Gradle version information cache is up-to-date. Trying to read.
2021-07-19 09:03:09,254 [Worker-1: Loading available Gradle versions] INFO  o.e.b.c.i.u.g.PublishedGradleVersions - Gradle version information cache is up-to-date. Trying to read.
2021-07-19 09:03:14,721 [Worker-7: Building] WARN  o.e.m.c.i.embedder.EclipseLogger - Using platform encoding (Cp1252 actually) to copy filtered resources, i.e. build is platform dependent!
2021-07-19 09:03:14,734 [Worker-7: Building] INFO  o.e.m.c.i.embedder.EclipseLogger - Copying 0 resource
2021-07-19 09:03:14,739 [Worker-7: Building] WARN  o.e.m.c.i.embedder.EclipseLogger - Using platform encoding (Cp1252 actually) to copy filtered resources, i.e. build is platform dependent!
2021-07-19 09:03:14,743 [Worker-7: Building] INFO  o.e.m.c.i.embedder.EclipseLogger - Copying 1 resource
2021-08-29 20:01:46,232 [Worker-9: Loading available Gradle versions] INFO  o.e.b.c.i.u.g.PublishedGradleVersions - Gradle version information cache is up-to-date. Trying to read.
2021-08-29 20:01:52,802 [Worker-12: Building] INFO  o.e.m.c.i.l.LifecycleMappingFactory - Using org.eclipse.m2e.jdt.JarLifecycleMapping lifecycle mapping for MavenProject: Automationpractice:autopracticesite:0.0.1-SNAPSHOT @ D:\ABHI\ST\project\git_new_branch_try\fkauto\autopracticesite\pom.xml.
2021-08-29 20:01:56,816 [Worker-12: Building] WARN  o.e.m.c.i.embedder.EclipseLogger - Using platform encoding (Cp1252 actually) to copy filtered resources, i.e. build is platform dependent!
2021-08-29 20:01:56,844 [Worker-12: Building] INFO  o.e.m.c.i.embedder.EclipseLogger - skip non existing resourceDirectory D:\ABHI\ST\project\git_new_branch_try\fkauto\autopracticesite\src\main\resources
2021-08-29 20:01:56,844 [Worker-12: Building] WARN  o.e.m.c.i.embedder.EclipseLogger - Using platform encoding (Cp1252 actually) to copy filtered resources, i.e. build is platform dependent!
2021-08-29 20:01:56,844 [Worker-12: Building] INFO  o.e.m.c.i.embedder.EclipseLogger - Copying 1 resource
